[debug] [2025-09-21T15:55:30.740Z] ----------------------------------------------------------------------
[debug] [2025-09-21T15:55:30.743Z] Command:       /nix/store/ws50yvm6vzlzf7jzz6n7xh4szddrack1-nodejs-20.19.1/bin/node /home/user/.global_modules/bin/firebase init hosting:github
[debug] [2025-09-21T15:55:30.743Z] CLI Version:   14.17.0
[debug] [2025-09-21T15:55:30.743Z] Platform:      linux
[debug] [2025-09-21T15:55:30.743Z] Node Version:  v20.19.1
[debug] [2025-09-21T15:55:30.744Z] Time:          Sun Sep 21 2025 15:55:30 GMT+0000 (Coordinated Universal Time)
[debug] [2025-09-21T15:55:30.744Z] ----------------------------------------------------------------------
[debug] 
[debug] [2025-09-21T15:55:31.000Z] Object "" in "firebase.json" has unknown property: {"additionalProperty":"flutter"}
[debug] [2025-09-21T15:55:31.003Z] Checked if tokens are valid: true, expires at: 1758472449595
[debug] [2025-09-21T15:55:31.003Z] Checked if tokens are valid: true, expires at: 1758472449595
[debug] [2025-09-21T15:55:31.006Z] >>> [apiv2][query] GET https://monospace-pa.googleapis.com/v1/workspaces/bhai-flutter-work-25433367 [none]
[debug] [2025-09-21T15:55:32.030Z] <<< [apiv2][status] GET https://monospace-pa.googleapis.com/v1/workspaces/bhai-flutter-work-25433367 200
[debug] [2025-09-21T15:55:32.030Z] <<< [apiv2][body] GET https://monospace-pa.googleapis.com/v1/workspaces/bhai-flutter-work-25433367 {"workspaceId":"bhai-flutter-work-25433367","name":"bhAi-flutter-work","workspaceRedirectUrl":"firebase-bhai-flutter-work-1758441519482.cluster-edb2jv34dnhjisxuq5m7l37ccy.cloudworkstations.dev","status":"WORKSPACE_STATUS_RUNNING","lastAccessDatetime":"2025-09-21T15:42:32.565385Z","workspaceTemplate":"WORKSPACE_TEMPLATE_FLUTTER","owner":"SELF","serviceAccountEmail":"msp-6300267057651672264@monospace-per-ws-sa-8.iam.gserviceaccount.com","enableNix":true,"ownerEmail":"hyderbaigg2@gmail.com","workspaceImageUrl":"https://www.gstatic.com/images/branding/productlogos/flutter/v6/192px.svg","workstationAccessToken":"eyJhbGciOiJSUzI1NiIsInR5cCI6IkpXVCJ9.eyJpc3MiOiJodHRwczovL2Nsb3VkLmdvb2dsZS5jb20vd29ya3N0YXRpb25zIiwiYXVkIjoiZmlyZWJhc2UtYmhhaS1mbHV0dGVyLXdvcmstMTc1ODQ0MTUxOTQ4Mi5jbHVzdGVyLWVkYjJqdjM0ZG5oamlzeHVxNW03bDM3Y2N5LmNsb3Vkd29ya3N0YXRpb25zLmRldiIsImlhdCI6MTc1ODQ3MDEzMSwiZXhwIjoxNzU4NTU2NTMxfQ.YyzAPtHFC8ZRiT31dizrob_ANODEwZifoRF5IrRJZ9IBT8lTK0DcmLb4hU2u6efZtyfb2rJZMPdQjqupD4ABY9GzOlaNuvvxr0tEfIsvIZHpJ6D6CbnI2zpQF3nU5FpPoFEeGUA1NmiWdputExAoVQCiv4Nycpm7whbdM-C-c_E7BXvxwmY3-fi937ou7AESySlpWYgHsADXpdV2GyFICYadBuDO1zkVaju5gE3hYnQvr9-EJrxoWqvkVmFrZNjVbs2JBJFDPLPDokVPbTpo1F7yLywiBhTX7X-h7tqaX05DPGyVbMg_wWe9aLnqhB-5hv6juFkzs42IylTK17yuOg","firebaseProjectId":"bhai-app-hyderbaigg2"}
[debug] [2025-09-21T15:55:32.031Z] > command requires scopes: ["email","openid","https://www.googleapis.com/auth/cloudplatformprojects.readonly","https://www.googleapis.com/auth/firebase","https://www.googleapis.com/auth/cloud-platform","https://www.googleapis.com/auth/userinfo.email"]
[debug] [2025-09-21T15:55:32.032Z] > authorizing via signed-in user (hyderbaigg2@gmail.com)
[debug] [2025-09-21T15:55:32.033Z] Object "" in "firebase.json" has unknown property: {"additionalProperty":"flutter"}
[info] 
     ######## #### ########  ######## ########     ###     ######  ########
     ##        ##  ##     ## ##       ##     ##  ##   ##  ##       ##
     ######    ##  ########  ######   ########  #########  ######  ######
     ##        ##  ##    ##  ##       ##     ## ##     ##       ## ##
     ##       #### ##     ## ######## ########  ##     ##  ######  ########

You're about to initialize a Firebase project in this directory:

  /home/user/myapp

Before we get started, keep in mind:

  * You are initializing within an existing Firebase project directory

[info] 
=== Project Setup
[info] 
[info] First, let's associate this project directory with a Firebase project.
[info] You can create multiple project aliases by running firebase use --add, 
[info] but for now we'll just set up a default project.
[info] 
[debug] [2025-09-21T15:55:32.036Z] Using project from CLI flag: bhai-app-hyderbaigg2
[debug] [2025-09-21T15:55:32.036Z] Checked if tokens are valid: true, expires at: 1758472449595
[debug] [2025-09-21T15:55:32.036Z] Checked if tokens are valid: true, expires at: 1758472449595
[debug] [2025-09-21T15:55:32.037Z] >>> [apiv2][query] GET https://firebase.googleapis.com/v1beta1/projects/bhai-app-hyderbaigg2 [none]
[debug] [2025-09-21T15:55:32.307Z] <<< [apiv2][status] GET https://firebase.googleapis.com/v1beta1/projects/bhai-app-hyderbaigg2 200
[debug] [2025-09-21T15:55:32.307Z] <<< [apiv2][body] GET https://firebase.googleapis.com/v1beta1/projects/bhai-app-hyderbaigg2 {"projectId":"bhai-app-hyderbaigg2","projectNumber":"660707924193","displayName":"Bhai App","name":"projects/bhai-app-hyderbaigg2","resources":{"hostingSite":"bhai-app-hyderbaigg2"},"state":"ACTIVE","etag":"1_0225d31d-04f6-46e0-bf4e-fc4c6817cc7c"}
[info] i  Using project bhai-app-hyderbaigg2 (Bhai App) 
[info] 
=== Hosting:github Setup
[info] 
[info] i  Detected a .git folder at /home/user/myapp 
[info] i  Authorizing with GitHub to upload your service account to a GitHub repository's secrets store. 
[info] 
[info] Visit this URL on this device to log in:
[info] https://github.com/login/oauth/authorize?client_id=89cf50f02ac6aaed3484&state=227584694&redirect_uri=http%3A%2F%2Flocalhost%3A9005&scope=read%3Auser%20repo%20public_repo
[info] 
[info] Waiting for authentication...
[debug] [2025-09-21T16:24:40.352Z] ----------------------------------------------------------------------
[debug] [2025-09-21T16:24:40.355Z] Command:       /nix/store/ws50yvm6vzlzf7jzz6n7xh4szddrack1-nodejs-20.19.1/bin/node /home/user/.global_modules/bin/firebase init hosting:github
[debug] [2025-09-21T16:24:40.355Z] CLI Version:   14.17.0
[debug] [2025-09-21T16:24:40.356Z] Platform:      linux
[debug] [2025-09-21T16:24:40.356Z] Node Version:  v20.19.1
[debug] [2025-09-21T16:24:40.356Z] Time:          Sun Sep 21 2025 16:24:40 GMT+0000 (Coordinated Universal Time)
[debug] [2025-09-21T16:24:40.356Z] ----------------------------------------------------------------------
[debug] 
[debug] [2025-09-21T16:24:40.600Z] Object "" in "firebase.json" has unknown property: {"additionalProperty":"flutter"}
[debug] [2025-09-21T16:24:40.603Z] Checked if tokens are valid: false, expires at: 1758472449595
[debug] [2025-09-21T16:24:40.603Z] Checked if tokens are valid: false, expires at: 1758472449595
[debug] [2025-09-21T16:24:40.603Z] > refreshing access token with scopes: []
[debug] [2025-09-21T16:24:40.606Z] >>> [apiv2][query] POST https://www.googleapis.com/oauth2/v3/token [none]
[debug] [2025-09-21T16:24:40.606Z] >>> [apiv2][body] POST https://www.googleapis.com/oauth2/v3/token [omitted]
[debug] [2025-09-21T16:24:40.697Z] <<< [apiv2][status] POST https://www.googleapis.com/oauth2/v3/token 200
[debug] [2025-09-21T16:24:40.697Z] <<< [apiv2][body] POST https://www.googleapis.com/oauth2/v3/token [omitted]
[debug] [2025-09-21T16:24:40.706Z] >>> [apiv2][query] GET https://monospace-pa.googleapis.com/v1/workspaces/bhai-flutter-work-25433367 [none]
